{"logTime": "0715/074952", "correlationVector":"weDfrOfm02NCtA8bS4/8Eh.1","action":"SyncServerConnectionManagerRequest", "result":"SYNC_SERVER_OK", "context":{"environment":"Prod_southeastasia_prod-s01-064-apac-southeastasia", "migrationStage":"NotStarted", "server":"akswtt002000019"}}
{"logTime": "0715/074952", "correlationVector":"weDfrOfm02NCtA8bS4/8Eh.2","action":"ProcessGetUpdates", "result":"Done", "context":{"dataType":"Encryption Keys", "deleted":"0", "process_failed_to_decrypt":"0", "process_pending_decryption":"0", "process_success":"1", "total":"1"}}
{"logTime": "0715/074953", "correlationVector":"s/NI6MNlsYvT859UjkhtXn","action":"SyncServerConnectionManagerRequest", "result":"SYNC_SERVER_OK", "context":{"environment":"", "migrationStage":"", "server":""}}
{"logTime": "0715/074953", "correlationVector":"s/NI6MNlsYvT859UjkhtXn.0","action":"EncryptionKeysFetcher.DownloadKeys:", "result":"Success", "context":Key count: 6, Last key timestamp: 2026-05-15T14:22:52Z}
{"logTime": "0715/074953", "correlationVector":"s/NI6MNlsYvT859UjkhtXn.1","action":"EncryptionKeysManager::SetEncryptionKeys:", "result":"Success", "context":Key names[6]:[RMzVnAAiHyMZ+58mJQtSd1WrGM6xGA/ykwyKs9be9XaMMk6CYil5zJQQ9M4fUKBnqhzBFhonbNLu1fHEa35YFA==][pEhmG1V1lioJoovbFmAzEmHWq0y5pmG82foBg/yqSiRTSjH9ygrMg1LQNMd7bmEu05TYpq2FV6VMTzg+q62aqg==][tPYXqs2i0OE7nGdhOAjN6hTS/R3wpEb7i23SKJfFiXY5WuKvqRrdzShkjIR+3Wts5AoghGBdOxyd/PMeiEAIug==][XtJoq24kMwJ8O6blxNDiG9L18q5Jl6qjFGy7oy/c+1FXBvaiImp1jfiN7/yuAnda53E9auU6V3P6Wjb/JbQMFw==][EeQFmhUwEZS3rYRW1pulnkpc79Yz2I4KT7Vf46QAAefsrPDsDTwSKkO0gH/na/Fa1xLQo6Y8QuAyea2gz/YyRw==][rItBXSRjquqbumXIykyjdoELpN2dMvu0x8RZvLLaf1AxcRk0cIQGTnIVt84eWHiZ1uuM4tAW1Tkbg2WBnryrTg==]}
{"logTime": "0715/074953", "correlationVector":"s/NI6MNlsYvT859UjkhtXn.2","action":"EncryptionKeysManager::SetEncryptionKeysWithTimestamps:", "result":"Success", "context":Key timestamps[6]:[2021-11-13T12:53:45Z][2022-08-18T11:25:42Z][2023-03-08T02:47:01Z][2023-09-16T15:30:28Z][2025-11-15T14:31:09Z][2026-05-15T14:22:52Z]}
{"logTime": "0715/074953", "correlationVector":"weDfrOfm02NCtA8bS4/8Eh","action":"Initial GetUpdates", "result":"", "context":Reason: NEW_CLIENT. cV=weDfrOfm02NCtA8bS4/8Eh}
{"logTime": "0715/074953", "correlationVector":"weDfrOfm02NCtA8bS4/8Eh.3","action":"GetUpdates Response", "result":"Success", "context":Received 1 update(s). cV=weDfrOfm02NCtA8bS4/8Eh.0;server=akswtt002000019;cloudType=Consumer;environment=Prod_southeastasia_prod-s01-064-apac-southeastasia;migrationStage=NotStarted}
{"logTime": "0715/074953", "correlationVector":"YepKRDKhxsowFy8uKT4J55","action":"Initial GetUpdates", "result":"", "context":Reason: NEWLY_SUPPORTED_DATATYPE. cV=YepKRDKhxsowFy8uKT4J55}
{"logTime": "0715/074953", "correlationVector":"YepKRDKhxsowFy8uKT4J55.1","action":"SyncServerConnectionManagerRequest", "result":"SYNC_SERVER_OK", "context":{"environment":"Prod_southeastasia_prod-s01-064-apac-southeastasia", "migrationStage":"NotStarted", "server":"akswtt00200000x"}}
{"logTime": "0715/074953", "correlationVector":"YepKRDKhxsowFy8uKT4J55.2","action":"ProcessGetUpdates", "result":"Done", "context":{"dataType":"Passwords", "deleted":"0", "process_failed_to_decrypt":"0", "process_pending_decryption":"0", "process_success":"14", "total":"14"}}
{"logTime": "0715/074953", "correlationVector":"YepKRDKhxsowFy8uKT4J55.3","action":"ProcessGetUpdates", "result":"Done", "context":{"dataType":"Device Info", "deleted":"0", "process_failed_to_decrypt":"0", "process_pending_decryption":"0", "process_success":"26", "total":"26"}}
{"logTime": "0715/074953", "correlationVector":"YepKRDKhxsowFy8uKT4J55.4","action":"GetUpdates Response", "result":"Success", "context":Received 40 update(s). cV=YepKRDKhxsowFy8uKT4J55.0;server=akswtt00200000x;cloudType=Consumer;environment=Prod_southeastasia_prod-s01-064-apac-southeastasia;migrationStage=NotStarted}
{"logTime": "0715/074953", "correlationVector":"Qdq/edgM0ku9wrqESi7T96","action":"Initial GetUpdates", "result":"", "context":Reason: NEWLY_SUPPORTED_DATATYPE. cV=Qdq/edgM0ku9wrqESi7T96}
{"logTime": "0715/074954", "correlationVector":"Qdq/edgM0ku9wrqESi7T96.1","action":"SyncServerConnectionManagerRequest", "result":"SYNC_SERVER_OK", "context":{"environment":"Prod_southeastasia_prod-s01-064-apac-southeastasia", "migrationStage":"NotStarted", "server":"akswtt002000009"}}
{"logTime": "0715/074954", "correlationVector":"Qdq/edgM0ku9wrqESi7T96.2","action":"ProcessGetUpdates", "result":"Done", "context":{"dataType":"Bookmarks", "deleted":"0", "process_failed_to_decrypt":"0", "process_pending_decryption":"0", "process_success":"29", "total":"29"}}
{"logTime": "0715/074954", "correlationVector":"Qdq/edgM0ku9wrqESi7T96.3","action":"ProcessGetUpdates", "result":"Done", "context":{"dataType":"Preferences", "deleted":"0", "process_failed_to_decrypt":"0", "process_pending_decryption":"0", "process_success":"87", "total":"87"}}
{"logTime": "0715/074954", "correlationVector":"Qdq/edgM0ku9wrqESi7T96.4","action":"ProcessGetUpdates", "result":"Done", "context":{"dataType":"Autofill", "deleted":"0", "process_failed_to_decrypt":"0", "process_pending_decryption":"0", "process_success":"4", "total":"4"}}
{"logTime": "0715/074954", "correlationVector":"Qdq/edgM0ku9wrqESi7T96.5","action":"ProcessGetUpdates", "result":"Done", "context":{"dataType":"Extensions", "deleted":"0", "process_failed_to_decrypt":"0", "process_pending_decryption":"0", "process_success":"3", "total":"3"}}
{"logTime": "0715/074954", "correlationVector":"Qdq/edgM0ku9wrqESi7T96.6","action":"ProcessGetUpdates", "result":"Done", "context":{"dataType":"Sessions", "deleted":"92", "process_failed_to_decrypt":"0", "process_pending_decryption":"0", "process_success":"95", "total":"95"}}
{"logTime": "0715/074954", "correlationVector":"Qdq/edgM0ku9wrqESi7T96.7","action":"ProcessGetUpdates", "result":"Done", "context":{"dataType":"History Delete Directives", "deleted":"0", "process_failed_to_decrypt":"0", "process_pending_decryption":"0", "process_success":"26", "total":"26"}}
{"logTime": "0715/074954", "correlationVector":"Qdq/edgM0ku9wrqESi7T96.8","action":"ProcessGetUpdates", "result":"Done", "context":{"dataType":"Edge Hub App Usage", "deleted":"1", "process_failed_to_decrypt":"0", "process_pending_decryption":"0", "process_success":"6", "total":"6"}}
{"logTime": "0715/074954", "correlationVector":"Qdq/edgM0ku9wrqESi7T96.9","action":"GetUpdates Response", "result":"Success", "context":Received 250 update(s). cV=Qdq/edgM0ku9wrqESi7T96.0;server=akswtt002000009;cloudType=Consumer;environment=Prod_southeastasia_prod-s01-064-apac-southeastasia;migrationStage=NotStarted Some updates remain.}
{"logTime": "0715/074954", "correlationVector":"Wnw76jYZD7XP8juNYmyAYt","action":"Initial GetUpdates", "result":"", "context":Reason: NEWLY_SUPPORTED_DATATYPE. cV=Wnw76jYZD7XP8juNYmyAYt}
{"logTime": "0715/074954", "correlationVector":"Wnw76jYZD7XP8juNYmyAYt.1","action":"SyncServerConnectionManagerRequest", "result":"SYNC_SERVER_OK", "context":{"environment":"Prod_southeastasia_prod-s01-064-apac-southeastasia", "migrationStage":"NotStarted", "server":"akswtt00200001b"}}
{"logTime": "0715/074954", "correlationVector":"Wnw76jYZD7XP8juNYmyAYt.2","action":"ProcessGetUpdates", "result":"Done", "context":{"dataType":"Preferences", "deleted":"0", "process_failed_to_decrypt":"0", "process_pending_decryption":"0", "process_success":"5", "total":"5"}}
{"logTime": "0715/074954", "correlationVector":"Wnw76jYZD7XP8juNYmyAYt.3","action":"ProcessGetUpdates", "result":"Done", "context":{"dataType":"Extensions", "deleted":"0", "process_failed_to_decrypt":"0", "process_pending_decryption":"0", "process_success":"1", "total":"1"}}
{"logTime": "0715/074954", "correlationVector":"Wnw76jYZD7XP8juNYmyAYt.4","action":"ProcessGetUpdates", "result":"Done", "context":{"dataType":"Sessions", "deleted":"47", "process_failed_to_decrypt":"0", "process_pending_decryption":"0", "process_success":"58", "total":"58"}}
{"logTime": "0715/074954", "correlationVector":"Wnw76jYZD7XP8juNYmyAYt.5","action":"ProcessGetUpdates", "result":"Done", "context":{"dataType":"History Delete Directives", "deleted":"0", "process_failed_to_decrypt":"0", "process_pending_decryption":"0", "process_success":"19", "total":"19"}}
{"logTime": "0715/074954", "correlationVector":"Wnw76jYZD7XP8juNYmyAYt.6","action":"GetUpdates Response", "result":"Success", "context":Received 83 update(s). cV=Wnw76jYZD7XP8juNYmyAYt.0;server=akswtt00200001b;cloudType=Consumer;environment=Prod_southeastasia_prod-s01-064-apac-southeastasia;migrationStage=NotStarted}
{"logTime": "0715/074955", "correlationVector":"PqlFTvsWscPEn/ng7iKz75","action":"Initial GetUpdates", "result":"", "context":Reason: NEWLY_SUPPORTED_DATATYPE. cV=PqlFTvsWscPEn/ng7iKz75}
{"logTime": "0715/074955", "correlationVector":"PqlFTvsWscPEn/ng7iKz75.1","action":"SyncServerConnectionManagerRequest", "result":"SYNC_SERVER_OK", "context":{"environment":"Prod_southeastasia_prod-s01-064-apac-southeastasia", "migrationStage":"NotStarted", "server":"akswtt002000008"}}
{"logTime": "0715/074955", "correlationVector":"PqlFTvsWscPEn/ng7iKz75.2","action":"ProcessGetUpdates", "result":"Done", "context":{"dataType":"History", "deleted":"79", "process_failed_to_decrypt":"0", "process_pending_decryption":"0", "process_success":"126", "total":"126"}}
{"logTime": "0715/074955", "correlationVector":"PqlFTvsWscPEn/ng7iKz75.3","action":"GetUpdates Response", "result":"Success", "context":Received 126 update(s). cV=PqlFTvsWscPEn/ng7iKz75.0;server=akswtt002000008;cloudType=Consumer;environment=Prod_southeastasia_prod-s01-064-apac-southeastasia;migrationStage=NotStarted}
{"logTime": "0715/074955", "correlationVector":"O/vQHbomlLlNzOheb46+hT","action":"Normal GetUpdate request", "result":"", "context":cV=O/vQHbomlLlNzOheb46+hT
Nudged types: Sessions, Device Info, User Consents
Refresh requested types: Bookmarks, Preferences, Passwords, Autofill Profiles, Autofill, Extensions, Sessions, Extension settings, History Delete Directives, Device Info, User Consents, Send Tab To Self, Web Apps, History, Saved Tab Group, WebAuthn Credentials, Edge E Drop, Edge Hub App Usage, Edge Workspace, Encryption Keys}
{"logTime": "0715/074956", "correlationVector":"O/vQHbomlLlNzOheb46+hT.1","action":"SyncServerConnectionManagerRequest", "result":"SYNC_SERVER_OK", "context":{"environment":"Prod_southeastasia_prod-s01-064-apac-southeastasia", "migrationStage":"NotStarted", "server":"akswtt002000004"}}
{"logTime": "0715/074956", "correlationVector":"O/vQHbomlLlNzOheb46+hT.2","action":"GetUpdates Response", "result":"Success", "context":Received 0 update(s). cV=O/vQHbomlLlNzOheb46+hT.0;server=akswtt002000004;cloudType=Consumer;environment=Prod_southeastasia_prod-s01-064-apac-southeastasia;migrationStage=NotStarted}
{"logTime": "0715/074956", "correlationVector":"oN3yBiEbpzqbsdoim7PD1x","action":"DoCompareDataConsistency requsted types: ", "result":"Bookmarks, Preferences, Passwords, Extensions, Extension settings, History Delete Directives, Send Tab To Self, Web Apps, History, Saved Tab Group, WebAuthn Credentials, Edge E Drop, Edge Workspace, Encryption Keys"}
{"logTime": "0715/074956", "correlationVector":"oN3yBiEbpzqbsdoim7PD1x.0","action":"CompareDataConsistency result: ", "result":"Compare result: Encryption Keys is consistent. local entities count is: 1 local entities hash is: Lff01Ivfdutz1/bA9xuhg9p6MI0="}
{"logTime": "0715/074956", "correlationVector":"oN3yBiEbpzqbsdoim7PD1x.1","action":"CompareDataConsistency result: ", "result":"Compare result: Bookmarks is consistent. local entities count is: 23 local entities hash is: 5uA2KQYxSut3jL4HFTovMflKZis="}
{"logTime": "0715/074956", "correlationVector":"oN3yBiEbpzqbsdoim7PD1x.2","action":"CompareDataConsistency result: ", "result":"Compare result: Preferences is consistent. local entities count is: 92 local entities hash is: LJrreRDzedUl2THV3Oh2QXHAOeo="}
{"logTime": "0715/074956", "correlationVector":"oN3yBiEbpzqbsdoim7PD1x.3","action":"CompareDataConsistency result: ", "result":"Compare result: Extensions is consistent. local entities count is: 4 local entities hash is: VR7PpugAFAWKv1hDtCRXVOeVzPc="}
{"logTime": "0715/074956", "correlationVector":"oN3yBiEbpzqbsdoim7PD1x.4","action":"CompareDataConsistency result: ", "result":"Compare result: Extension settings is consistent. local entities count is: 0 local entities hash is: "}
{"logTime": "0715/074956", "correlationVector":"oN3yBiEbpzqbsdoim7PD1x.5","action":"CompareDataConsistency result: ", "result":"Compare result: History Delete Directives is inconsistent. server entities count is: 45 server entities hash is: /qyouX9DgT9ASlEcmW7ibcgGocc= local entities count is: 0 local entities hash is: "}
{"logTime": "0715/074956", "correlationVector":"oN3yBiEbpzqbsdoim7PD1x.6","action":"CompareDataConsistency result: ", "result":"Server did not send this Send Tab To Self local entities count is: 0 local entities hash is: "}
{"logTime": "0715/074956", "correlationVector":"oN3yBiEbpzqbsdoim7PD1x.7","action":"CompareDataConsistency result: ", "result":"Compare result: Web Apps is consistent. local entities count is: 0 local entities hash is: "}
{"logTime": "0715/074956", "correlationVector":"oN3yBiEbpzqbsdoim7PD1x.8","action":"CompareDataConsistency result: ", "result":"Server did not send this History local entities count is: 0 local entities hash is: "}
{"logTime": "0715/074956", "correlationVector":"oN3yBiEbpzqbsdoim7PD1x.9","action":"CompareDataConsistency result: ", "result":"Compare result: Saved Tab Group is consistent. local entities count is: 0 local entities hash is: "}
{"logTime": "0715/074956", "correlationVector":"oN3yBiEbpzqbsdoim7PD1x.10","action":"CompareDataConsistency result: ", "result":"Server did not send this WebAuthn Credentials local entities count is: 0 local entities hash is: "}
{"logTime": "0715/074956", "correlationVector":"oN3yBiEbpzqbsdoim7PD1x.11","action":"CompareDataConsistency result: ", "result":"Compare result: Edge E Drop is consistent. local entities count is: 0 local entities hash is: "}
{"logTime": "0715/074956", "correlationVector":"oN3yBiEbpzqbsdoim7PD1x.12","action":"CompareDataConsistency result: ", "result":"Server did not send this Edge Workspace local entities count is: 0 local entities hash is: "}
{"logTime": "0715/074956", "correlationVector":"oN3yBiEbpzqbsdoim7PD1x.13","action":"CompareDataConsistency result: ", "result":"Compare result: Passwords is consistent. local entities count is: 14 local entities hash is: qaX5jc4RBtjroLYXEIOrfEAFVZc="}
{"logTime": "0715/074956", "correlationVector":"3pYJGZ+UBHbY0c5OnlNQDJ","action":"Commit Request", "result":"", "context":Item count: 4
Contributing types: Sessions, Device Info, User Consents}
{"logTime": "0715/074957", "correlationVector":"3pYJGZ+UBHbY0c5OnlNQDJ.1","action":"SyncServerConnectionManagerRequest", "result":"SYNC_SERVER_OK", "context":{"environment":"Prod_southeastasia_prod-s01-064-apac-southeastasia", "migrationStage":"NotStarted", "server":"akswtt002000017"}}
{"logTime": "0715/074957", "correlationVector":"3pYJGZ+UBHbY0c5OnlNQDJ.2","action":"Commit Response", "result":"Success", "context":Result: Success. cV=3pYJGZ+UBHbY0c5OnlNQDJ.0;server=akswtt002000017;cloudType=Consumer;environment=Prod_southeastasia_prod-s01-064-apac-southeastasia;migrationStage=NotStarted}
{"logTime": "0715/074957", "correlationVector":"","action":"DIAGNOSTIC_REQUEST|v1/diagnosticData/Diagnostic.SendCheckResult()|SUCCESS", "result":""}
{"logTime": "0715/075039", "correlationVector":"ZQLKLFu7Y7obECHe8ial+0","action":"Commit Request", "result":"", "context":Item count: 12
Contributing types: Passwords, Sessions, History}
{"logTime": "0715/075042", "correlationVector":"ZQLKLFu7Y7obECHe8ial+0.1","action":"SyncServerConnectionManagerRequest", "result":"SYNC_SERVER_OK", "context":{"environment":"Prod_southeastasia_prod-s01-064-apac-southeastasia", "migrationStage":"NotStarted", "server":"akswtt00200001b"}}
{"logTime": "0715/075042", "correlationVector":"ZQLKLFu7Y7obECHe8ial+0.2","action":"Commit Response", "result":"Success", "context":Result: Success. cV=ZQLKLFu7Y7obECHe8ial+0.0;server=akswtt00200001b;cloudType=Consumer;environment=Prod_southeastasia_prod-s01-064-apac-southeastasia;migrationStage=NotStarted}
{"logTime": "0715/080930", "correlationVector":"zW2OqOrRPg7YUO39xVVAJN","action":"Commit Request", "result":"", "context":Item count: 1
Contributing types: Sessions}
{"logTime": "0715/080931", "correlationVector":"zW2OqOrRPg7YUO39xVVAJN.1","action":"SyncServerConnectionManagerRequest", "result":"SYNC_SERVER_OK", "context":{"environment":"Prod_southeastasia_prod-s01-065-apac-southeastasia", "migrationStage":"NotStarted", "server":"akswtt00200000p"}}
{"logTime": "0715/080931", "correlationVector":"zW2OqOrRPg7YUO39xVVAJN.2","action":"Commit Response", "result":"Success", "context":Result: Success. cV=zW2OqOrRPg7YUO39xVVAJN.0;server=akswtt00200000p;cloudType=Consumer;environment=Prod_southeastasia_prod-s01-065-apac-southeastasia;migrationStage=NotStarted}
