2026-07-15 07:49:40.764: [INFO] VisibilityChanged: 0
2026-07-15 07:49:41.006: [INFO] RecordSyncInitDuration has_sync_been_enabled: 0 state: 0
2026-07-15 07:49:41.006: [INFO] RecordSyncInitDuration has_sync_been_enabled: 0 state: 0
2026-07-15 07:49:41.007: [INFO] RecordSyncInitDuration has_sync_been_enabled: 0 state: 0
2026-07-15 07:49:41.008: [INFO] RecordSyncInitDuration has_sync_been_enabled: 0 state: 0
2026-07-15 07:49:41.009: [INFO] RecordSyncInitDuration has_sync_been_enabled: 0 state: 0
2026-07-15 07:49:41.010: [INFO] RecordSyncInitDuration has_sync_been_enabled: 0 state: 0
2026-07-15 07:49:41.010: [INFO] RecordSyncInitDuration has_sync_been_enabled: 0 state: 0
2026-07-15 07:49:41.011: [INFO] RecordSyncInitDuration has_sync_been_enabled: 0 state: 0
2026-07-15 07:49:41.012: [INFO] RecordSyncInitDuration has_sync_been_enabled: 0 state: 0
2026-07-15 07:49:41.013: [INFO] RecordSyncInitDuration has_sync_been_enabled: 0 state: 0
2026-07-15 07:49:41.285: [INFO] BookmarkModelLoaded, ids_reassigned: 0
2026-07-15 07:49:41.286: [INFO] OnDoneLoading sync enabled: 0
2026-07-15 07:49:41.290: [INFO] RecordSyncInitDuration has_sync_been_enabled: 0 state: 0
2026-07-15 07:49:49.398: [INFO] RecordSyncInitDuration has_sync_been_enabled: 0 state: 0
2026-07-15 07:49:49.458: [INFO] RecordSyncInitDuration has_sync_been_enabled: 0 state: 3
2026-07-15 07:49:49.478: [INFO] Primary account changed.
2026-07-15 07:49:49.478: [INFO] OnPrimaryAccountChanged PrimaryAccountChangeEvent::Type::kSet
2026-07-15 07:49:49.485: [INFO] RecordSyncInitDuration has_sync_been_enabled: 0 state: 3
2026-07-15 07:49:49.508: [INFO] RecordSyncInitDuration has_sync_been_enabled: 0 state: 3
2026-07-15 07:49:54.935: [INFO] BookmarkNodeAdded, ABU: 0
2026-07-15 07:49:54.938: [INFO] BookmarkNodeAdded, ABU: 0
2026-07-15 07:49:54.941: [INFO] BookmarkNodeAdded, ABU: 0
2026-07-15 07:49:54.942: [INFO] BookmarkNodeAdded, ABU: 0
2026-07-15 07:49:54.944: [INFO] BookmarkNodeAdded, ABU: 0
2026-07-15 07:49:54.945: [INFO] BookmarkNodeAdded, ABU: 0
2026-07-15 07:49:54.946: [INFO] BookmarkNodeAdded, ABU: 0
2026-07-15 07:49:54.947: [INFO] BookmarkNodeAdded, ABU: 0
2026-07-15 07:49:54.948: [INFO] BookmarkNodeAdded, ABU: 0
2026-07-15 07:49:54.949: [INFO] BookmarkNodeAdded, ABU: 0
2026-07-15 07:49:54.950: [INFO] BookmarkNodeAdded, ABU: 0
2026-07-15 07:49:54.951: [INFO] BookmarkNodeAdded, ABU: 0
2026-07-15 07:49:54.952: [INFO] BookmarkNodeAdded, ABU: 0
2026-07-15 07:49:54.953: [INFO] BookmarkNodeAdded, ABU: 0
2026-07-15 07:49:54.954: [INFO] BookmarkNodeAdded, ABU: 0
2026-07-15 07:49:54.955: [INFO] BookmarkNodeAdded, ABU: 0
2026-07-15 07:49:54.956: [INFO] BookmarkNodeAdded, ABU: 0
2026-07-15 07:49:54.957: [INFO] BookmarkNodeAdded, ABU: 0
2026-07-15 07:49:54.958: [INFO] BookmarkNodeAdded, ABU: 0
2026-07-15 07:49:54.959: [INFO] BookmarkNodeAdded, ABU: 0
2026-07-15 07:49:54.959: [INFO] BookmarkNodeAdded, ABU: 0
2026-07-15 07:49:54.960: [INFO] BookmarkNodeAdded, ABU: 0
2026-07-15 07:49:54.961: [INFO] BookmarkNodeAdded, ABU: 0
2026-07-15 07:49:55.502: [INFO] Sync initialization duration: 4490ms
